Using pre-set license
Built from '2021.3/release' branch; Version is '2021.3.28f1 (232e59c3f087) revision 2305625'; Using compiler version '192829333'; Build Type 'Release'
OS: 'Windows 10  (10.0.19045) 64bit CoreSingleLanguage' Language: 'ru' Physical Memory: 8057 MB
BatchMode: 1, IsHumanControllingUs: 0, StartBugReporterOnCrash: 0, Is64bit: 1, IsPro: 1

COMMAND LINE ARGUMENTS:
C:\Program Files\Unity\Hub\Editor\2021.3.28f1\Editor\Unity.exe
-adb2
-batchMode
-noUpm
-name
AssetImportWorker0
-projectPath
D:/Project/RedRunner
-logFile
Logs/AssetImportWorker0.log
-srvPort
50121
Successfully changed project path to: D:/Project/RedRunner
D:/Project/RedRunner
[UnityMemory] Configuration Parameters - Can be set up in boot.config
    "memorysetup-bucket-allocator-granularity=16"
    "memorysetup-bucket-allocator-bucket-count=8"
    "memorysetup-bucket-allocator-block-size=33554432"
    "memorysetup-bucket-allocator-block-count=8"
    "memorysetup-main-allocator-block-size=16777216"
    "memorysetup-thread-allocator-block-size=16777216"
    "memorysetup-gfx-main-allocator-block-size=16777216"
    "memorysetup-gfx-thread-allocator-block-size=16777216"
    "memorysetup-cache-allocator-block-size=4194304"
    "memorysetup-typetree-allocator-block-size=2097152"
    "memorysetup-profiler-bucket-allocator-granularity=16"
    "memorysetup-profiler-bucket-allocator-bucket-count=8"
    "memorysetup-profiler-bucket-allocator-block-size=33554432"
    "memorysetup-profiler-bucket-allocator-block-count=8"
    "memorysetup-profiler-allocator-block-size=16777216"
    "memorysetup-profiler-editor-allocator-block-size=1048576"
    "memorysetup-temp-allocator-size-main=16777216"
    "memorysetup-job-temp-allocator-block-size=2097152"
    "memorysetup-job-temp-allocator-block-size-background=1048576"
    "memorysetup-job-temp-allocator-reduction-small-platforms=262144"
    "memorysetup-temp-allocator-size-background-worker=32768"
    "memorysetup-temp-allocator-size-job-worker=262144"
    "memorysetup-temp-allocator-size-preload-manager=33554432"
    "memorysetup-temp-allocator-size-nav-mesh-worker=65536"
    "memorysetup-temp-allocator-size-audio-worker=65536"
    "memorysetup-temp-allocator-size-cloud-worker=32768"
    "memorysetup-temp-allocator-size-gi-baking-worker=262144"
    "memorysetup-temp-allocator-size-gfx=262144"
Player connection [6200] Host "[IP] 192.168.1.168 [Port] 0 [Flags] 2 [Guid] 743669106 [EditorId] 743669106 [Version] 1048832 [Id] WindowsEditor(7,DESKTOP-H49D5OO) [Debug] 1 [PackageName] WindowsEditor [ProjectName] Editor" joined multi-casting on [225.0.0.222:54997]...

Player connection [6200] Host "[IP] 192.168.1.168 [Port] 0 [Flags] 2 [Guid] 743669106 [EditorId] 743669106 [Version] 1048832 [Id] WindowsEditor(7,DESKTOP-H49D5OO) [Debug] 1 [PackageName] WindowsEditor [ProjectName] Editor" joined alternative multi-casting on [225.0.0.222:34997]...

Refreshing native plugins compatible for Editor in 201.07 ms, found 2 plugins.
Preloading 0 native plugins for Editor in 0.00 ms.
Initialize engine version: 2021.3.28f1 (232e59c3f087)
[Subsystems] Discovering subsystems at path C:/Program Files/Unity/Hub/Editor/2021.3.28f1/Editor/Data/Resources/UnitySubsystems
[Subsystems] Discovering subsystems at path D:/Project/RedRunner/Assets
GfxDevice: creating device client; threaded=0; jobified=0
Direct3D:
    Version:  Direct3D 11.0 [level 11.1]
    Renderer: NVIDIA GeForce GTX 1050 Ti (ID=0x1c8c)
    Vendor:   NVIDIA
    VRAM:     4018 MB
    Driver:   30.0.15.1169
Initialize mono
Mono path[0] = 'C:/Program Files/Unity/Hub/Editor/2021.3.28f1/Editor/Data/Managed'
Mono path[1] = 'C:/Program Files/Unity/Hub/Editor/2021.3.28f1/Editor/Data/MonoBleedingEdge/lib/mono/unityjit-win32'
Mono config path = 'C:/Program Files/Unity/Hub/Editor/2021.3.28f1/Editor/Data/MonoBleedingEdge/etc'
Using monoOptions --debugger-agent=transport=dt_socket,embedding=1,server=y,suspend=n,address=127.0.0.1:56940
Begin MonoManager ReloadAssembly
Registering precompiled unity dll's ...
Register platform support module: C:/Program Files/Unity/Hub/Editor/2021.3.28f1/Editor/Data/PlaybackEngines/WebGLSupport/UnityEditor.WebGL.Extensions.dll
Register platform support module: C:/Program Files/Unity/Hub/Editor/2021.3.28f1/Editor/Data/PlaybackEngines/AndroidPlayer/UnityEditor.Android.Extensions.dll
Register platform support module: C:/Program Files/Unity/Hub/Editor/2021.3.28f1/Editor/Data/PlaybackEngines/WindowsStandaloneSupport/UnityEditor.WindowsStandalone.Extensions.dll
Registered in 0.054791 seconds.
Native extension for WindowsStandalone target not found
Native extension for Android target not found
Android Extension - Scanning For ADB Devices 1204 ms
Native extension for WebGL target not found
Refreshing native plugins compatible for Editor in 254.31 ms, found 2 plugins.
Preloading 0 native plugins for Editor in 0.00 ms.
Mono: successfully reloaded assembly
- Completed reload, in  4.504 seconds
Domain Reload Profiling:
	ReloadAssembly (4505ms)
		BeginReloadAssembly (401ms)
			ExecutionOrderSort (0ms)
			DisableScriptedObjects (0ms)
			BackupInstance (0ms)
			ReleaseScriptingObjects (0ms)
			CreateAndSetChildDomain (3ms)
		EndReloadAssembly (3563ms)
			LoadAssemblies (400ms)
			RebuildTransferFunctionScriptingTraits (0ms)
			SetupTypeCache (593ms)
			ReleaseScriptCaches (0ms)
			RebuildScriptCaches (172ms)
			SetupLoadedEditorAssemblies (2562ms)
				LogAssemblyErrors (0ms)
				InitializePlatformSupportModulesInManaged (1791ms)
				SetLoadedEditorAssemblies (1ms)
				RefreshPlugins (255ms)
				BeforeProcessingInitializeOnLoad (6ms)
				ProcessInitializeOnLoadAttributes (358ms)
				ProcessInitializeOnLoadMethodAttributes (150ms)
				AfterProcessingInitializeOnLoad (0ms)
				EditorAssembliesLoaded (0ms)
			ExecutionOrderSort2 (0ms)
			AwakeInstancesAfterBackupRestoration (0ms)
Platform modules already initialized, skipping
Registering precompiled user dll's ...
Registered in 0.014376 seconds.
Begin MonoManager ReloadAssembly
Symbol file LoadedFromMemory is not a mono symbol file
Native extension for WindowsStandalone target not found
Native extension for Android target not found
Native extension for WebGL target not found
Refreshing native plugins compatible for Editor in 2.00 ms, found 2 plugins.
Preloading 0 native plugins for Editor in 0.00 ms.
Mono: successfully reloaded assembly
- Completed reload, in  4.206 seconds
Domain Reload Profiling:
	ReloadAssembly (4210ms)
		BeginReloadAssembly (478ms)
			ExecutionOrderSort (0ms)
			DisableScriptedObjects (27ms)
			BackupInstance (0ms)
			ReleaseScriptingObjects (0ms)
			CreateAndSetChildDomain (70ms)
		EndReloadAssembly (3323ms)
			LoadAssemblies (339ms)
			RebuildTransferFunctionScriptingTraits (0ms)
			SetupTypeCache (823ms)
			ReleaseScriptCaches (1ms)
			RebuildScriptCaches (190ms)
			SetupLoadedEditorAssemblies (1836ms)
				LogAssemblyErrors (0ms)
				InitializePlatformSupportModulesInManaged (82ms)
				SetLoadedEditorAssemblies (2ms)
				RefreshPlugins (2ms)
				BeforeProcessingInitializeOnLoad (279ms)
				ProcessInitializeOnLoadAttributes (836ms)
				ProcessInitializeOnLoadMethodAttributes (607ms)
				AfterProcessingInitializeOnLoad (28ms)
				EditorAssembliesLoaded (1ms)
			ExecutionOrderSort2 (0ms)
			AwakeInstancesAfterBackupRestoration (31ms)
Platform modules already initialized, skipping
========================================================================
Worker process is ready to serve import requests
Launched and connected shader compiler UnityShaderCompiler.exe after 0.18 seconds
Refreshing native plugins compatible for Editor in 5.42 ms, found 2 plugins.
Preloading 0 native plugins for Editor in 0.00 ms.
Unloading 2656 Unused Serialized files (Serialized files now loaded: 0)
Unloading 71 unused Assets / (194.8 KB). Loaded Objects now: 3087.
Memory consumption went from 109.2 MB to 109.0 MB.
Total: 37.117400 ms (FindLiveObjects: 0.818700 ms CreateObjectMapping: 0.649100 ms MarkObjects: 35.249500 ms  DeleteObjects: 0.396700 ms)

AssetImportParameters requested are different than current active one (requested -> active):
  custom:video-decoder-ogg-theora: a1e56fd34408186e4bbccfd4996cb3dc -> 
  custom:container-muxer-webm: aa71ff27fc2769a1b78a27578f13a17b -> 
  custom:container-demuxer-webm: 4f35f7cbe854078d1ac9338744f61a02 -> 
  custom:video-encoder-webm-vp8: eb34c28f22e8b96e1ab97ce403110664 -> 
  custom:audio-encoder-webm-vorbis: bf7c407c2cedff20999df2af8eb42d56 -> 
  custom:framework-win-MediaFoundation: 216162199b28c13a410421893ffa2e32 -> 
  custom:container-demuxer-ogg: 62fdf1f143b41e24485cea50d1cbac27 -> 
  custom:video-decoder-webm-vp8: 9c59270c3fd7afecdb556c50c9e8de78 -> 
  custom:audio-decoder-ogg-vorbis: bf7c407c2cedff20999df2af8eb42d56 -> 
========================================================================
Received Import Request.
  Time since last request: 2821.124067 seconds.
  path: Assets/Sprites/RedRunner/Characters
  artifactKey: Guid(307bf8c7f59803c40adff454a9ada376) Importer(815301076,1909f56bfc062723c751e8b465ee728b)
Start importing Assets/Sprites/RedRunner/Characters using Guid(307bf8c7f59803c40adff454a9ada376) Importer(815301076,1909f56bfc062723c751e8b465ee728b)  -> (artifact id: '2996fb8ed711560ccdb09e6332af11a7') in 0.052763 seconds 
========================================================================
Received Import Request.
  Time since last request: 0.000077 seconds.
  path: Assets/Sprites/RedRunner/Square.png
  artifactKey: Guid(61c455ff1ca3682468d2f6ff273f33da) Importer(815301076,1909f56bfc062723c751e8b465ee728b)
Start importing Assets/Sprites/RedRunner/Square.png using Guid(61c455ff1ca3682468d2f6ff273f33da) Importer(815301076,1909f56bfc062723c751e8b465ee728b)  -> (artifact id: '6d9aa459348fc643bec961aa1534d332') in 0.538373 seconds 
========================================================================
Received Prepare
Refreshing native plugins compatible for Editor in 37.51 ms, found 2 plugins.
Preloading 0 native plugins for Editor in 0.00 ms.
Unloading 60 Unused Serialized files (Serialized files now loaded: 0)
Unloading 60 unused Assets / (168.3 KB). Loaded Objects now: 3092.
Memory consumption went from 54.0 MB to 53.8 MB.
Total: 36.468000 ms (FindLiveObjects: 0.843500 ms CreateObjectMapping: 0.638000 ms MarkObjects: 34.752000 ms  DeleteObjects: 0.229000 ms)

AssetImportParameters requested are different than current active one (requested -> active):
  custom:video-decoder-ogg-theora: a1e56fd34408186e4bbccfd4996cb3dc -> 
  custom:container-muxer-webm: aa71ff27fc2769a1b78a27578f13a17b -> 
  custom:container-demuxer-webm: 4f35f7cbe854078d1ac9338744f61a02 -> 
  custom:video-encoder-webm-vp8: eb34c28f22e8b96e1ab97ce403110664 -> 
  custom:CustomObjectIndexerAttribute: bc11b3a6c3213fcdd17b65e7da85e133 -> 
  custom:audio-encoder-webm-vorbis: bf7c407c2cedff20999df2af8eb42d56 -> 
  custom:framework-win-MediaFoundation: 216162199b28c13a410421893ffa2e32 -> 
  custom:container-demuxer-ogg: 62fdf1f143b41e24485cea50d1cbac27 -> 
  custom:video-decoder-webm-vp8: 9c59270c3fd7afecdb556c50c9e8de78 -> 
  custom:audio-decoder-ogg-vorbis: bf7c407c2cedff20999df2af8eb42d56 -> 
========================================================================
Received Import Request.
  Time since last request: 4.074359 seconds.
  path: Assets/Sprites/RedRunner/Characters/Red
  artifactKey: Guid(f63df77e9c6a85849bb695ff4d7ea033) Importer(815301076,1909f56bfc062723c751e8b465ee728b)
Start importing Assets/Sprites/RedRunner/Characters/Red using Guid(f63df77e9c6a85849bb695ff4d7ea033) Importer(815301076,1909f56bfc062723c751e8b465ee728b)  -> (artifact id: '54af08a9149b4403223d10eb8e06be1a') in 0.087777 seconds 
========================================================================
Received Import Request.
  Time since last request: 11565.884187 seconds.
  path: Assets/Sprites/RedRunner/Characters/Red 1
  artifactKey: Guid(cc1dd0704cbd1d24fabdf20a9ead07b0) Importer(815301076,1909f56bfc062723c751e8b465ee728b)
Start importing Assets/Sprites/RedRunner/Characters/Red 1 using Guid(cc1dd0704cbd1d24fabdf20a9ead07b0) Importer(815301076,1909f56bfc062723c751e8b465ee728b)  -> (artifact id: '3e64c5ff8e21f2b22f85eb30f3aa9fec') in 0.040063 seconds 
========================================================================
Received Import Request.
  Time since last request: 0.784904 seconds.
  path: Assets/Sprites/RedRunner/Characters/Red 1/Body.png
  artifactKey: Guid(6b8c6cffe7ba3964d9df5a75b8078438) Importer(815301076,1909f56bfc062723c751e8b465ee728b)
Start importing Assets/Sprites/RedRunner/Characters/Red 1/Body.png using Guid(6b8c6cffe7ba3964d9df5a75b8078438) Importer(815301076,1909f56bfc062723c751e8b465ee728b)  -> (artifact id: 'dbc771b18fd102396189d3858ce640d6') in 0.280568 seconds 
========================================================================
Received Import Request.
  Time since last request: 0.000022 seconds.
  path: Assets/Sprites/RedRunner/Characters/Red 1/Left Hand.png
  artifactKey: Guid(f971839089e23674f876617a280b9855) Importer(815301076,1909f56bfc062723c751e8b465ee728b)
Start importing Assets/Sprites/RedRunner/Characters/Red 1/Left Hand.png using Guid(f971839089e23674f876617a280b9855) Importer(815301076,1909f56bfc062723c751e8b465ee728b)  -> (artifact id: 'fc7f444a5022e4610dd24e0d7676a21a') in 0.042131 seconds 
========================================================================
Received Import Request.
  Time since last request: 0.000035 seconds.
  path: Assets/Sprites/RedRunner/Characters/Red 1/Right Arm.png
  artifactKey: Guid(85b95fa4ad4795c4a8e1d4ab36192363) Importer(815301076,1909f56bfc062723c751e8b465ee728b)
Start importing Assets/Sprites/RedRunner/Characters/Red 1/Right Arm.png using Guid(85b95fa4ad4795c4a8e1d4ab36192363) Importer(815301076,1909f56bfc062723c751e8b465ee728b)  -> (artifact id: '6ea8529110787e410da5ce930805dab6') in 0.029512 seconds 
========================================================================
Received Import Request.
  Time since last request: 0.000024 seconds.
  path: Assets/Sprites/RedRunner/Characters/Red 1/Right Foot.png
  artifactKey: Guid(bb7a53eb2426bac42bcf078856a29276) Importer(815301076,1909f56bfc062723c751e8b465ee728b)
Start importing Assets/Sprites/RedRunner/Characters/Red 1/Right Foot.png using Guid(bb7a53eb2426bac42bcf078856a29276) Importer(815301076,1909f56bfc062723c751e8b465ee728b)  -> (artifact id: '0c40c3567e76773e1fe2e54cd146f7c5') in 0.046705 seconds 
========================================================================
Received Import Request.
  Time since last request: 0.000023 seconds.
  path: Assets/Sprites/RedRunner/Characters/Red 1/Left Foot.png
  artifactKey: Guid(f91e553d901fa4c458fd04e544c1f2cd) Importer(815301076,1909f56bfc062723c751e8b465ee728b)
Start importing Assets/Sprites/RedRunner/Characters/Red 1/Left Foot.png using Guid(f91e553d901fa4c458fd04e544c1f2cd) Importer(815301076,1909f56bfc062723c751e8b465ee728b)  -> (artifact id: 'a4c472b3f0da6674183627eb6b4c4fd7') in 0.046519 seconds 
========================================================================
Received Import Request.
  Time since last request: 0.000023 seconds.
  path: Assets/Sprites/RedRunner/Characters/Red 1/Right Hand.png
  artifactKey: Guid(8131785b55abaa645b39201ba53b3f8d) Importer(815301076,1909f56bfc062723c751e8b465ee728b)
Start importing Assets/Sprites/RedRunner/Characters/Red 1/Right Hand.png using Guid(8131785b55abaa645b39201ba53b3f8d) Importer(815301076,1909f56bfc062723c751e8b465ee728b)  -> (artifact id: 'e842eb3f20c0986442396b0772f07fe2') in 0.023903 seconds 
========================================================================
Received Import Request.
  Time since last request: 0.000037 seconds.
  path: Assets/Sprites/RedRunner/Characters/Red 1/Left Arm.png
  artifactKey: Guid(3c31645b938098a40a7ad4fc9d08b892) Importer(815301076,1909f56bfc062723c751e8b465ee728b)
Start importing Assets/Sprites/RedRunner/Characters/Red 1/Left Arm.png using Guid(3c31645b938098a40a7ad4fc9d08b892) Importer(815301076,1909f56bfc062723c751e8b465ee728b)  -> (artifact id: 'b40e5d111ddbd99db309e61216f750fd') in 0.021958 seconds 
